{
  "RSpec": {
    "coverage": {
      "/Users/pedroresende/Projects/GAP/panda_pair_stairs/app/helpers/application_helper.rb": [
        1,
        null
      ],
      "/Users/pedroresende/Projects/GAP/panda_pair_stairs/app/helpers/pair_helper.rb": [
        1,
        null
      ],
      "/Users/pedroresende/Projects/GAP/panda_pair_stairs/app/helpers/panda_helper.rb": [
        1,
        null
      ],
      "/Users/pedroresende/Projects/GAP/panda_pair_stairs/app/helpers/tests_helper.rb": [
        1,
        null
      ],
      "/Users/pedroresende/Projects/GAP/panda_pair_stairs/app/controllers/pair_controller.rb": [
        1,
        1,
        2,
        2,
        2,
        2,
        4,
        null,
        null,
        null,
        1,
        1,
        6,
        null,
        null
      ],
      "/Users/pedroresende/Projects/GAP/panda_pair_stairs/app/controllers/application_controller.rb": [
        1,
        null,
        null,
        1,
        null
      ],
      "/Users/pedroresende/Projects/GAP/panda_pair_stairs/app/controllers/panda_controller.rb": [
        1,
        1,
        2,
        2,
        2,
        4,
        null,
        null,
        null,
        1,
        0,
        null,
        null,
        1,
        null,
        1,
        2,
        null,
        null
      ],
      "/Users/pedroresende/Projects/GAP/panda_pair_stairs/app/models/pair.rb": [
        1,
        1,
        1,
        1,
        1,
        1,
        1,
        null,
        1,
        1,
        1,
        1,
        null,
        1,
        1,
        8,
        null,
        null,
        1,
        8,
        8,
        8,
        null,
        null
      ],
      "/Users/pedroresende/Projects/GAP/panda_pair_stairs/app/models/panda.rb": [
        1,
        1,
        1,
        1,
        null,
        1,
        null
      ]
    },
    "timestamp": 1413931888
  }
}
